<?xml version="1.0" encoding="UTF-8"?>
<testng-results skipped="0" failed="0" ignored="0" total="1" passed="1">
  <reporter-output>
  </reporter-output>
  <suite name="Suite" duration-ms="66359" started-at="2020-07-07T10:45:55 IST" finished-at="2020-07-07T10:47:01 IST">
    <groups>
    </groups>
    <test name="Test" duration-ms="66359" started-at="2020-07-07T10:45:55 IST" finished-at="2020-07-07T10:47:01 IST">
      <class name="testDefinition.TestDemo">
        <test-method status="PASS" signature="TestCase_one_verifyTestInAllBrowser()[pri:0, instance:testDefinition.TestDemo@60c6f5b]" name="TestCase_one_verifyTestInAllBrowser" duration-ms="64367" started-at="2020-07-07T10:45:55 IST" finished-at="2020-07-07T10:46:59 IST">
          <reporter-output>
          </reporter-output>
        </test-method> <!-- TestCase_one_verifyTestInAllBrowser -->
      </class> <!-- testDefinition.TestDemo -->
    </test> <!-- Test -->
  </suite> <!-- Suite -->
</testng-results>
